<?xml version="1.0" encoding="UTF-8"?>
<!-- Generated by org.testng.reporters.JUnitXMLReporter -->
<testsuite hostname="DESKTOP-G7F29CC" ignored="0" name="Test" tests="4" failures="0" timestamp="2019-10-28T13:44:41 IST" time="0.043" errors="0">
  <testcase name="difference" time="0.009" classname="Test.FuncTest1"/>
  <testcase name="division" time="0.0" classname="Test.FuncTest1"/>
  <testcase name="multiplication" time="0.0" classname="Test.FuncTest1"/>
  <testcase name="sum" time="0.0" classname="Test.FuncTest1"/>
</testsuite> <!-- Test -->
