<?xml version="1.0" encoding="UTF-8"?>
<testng-results skipped="0" failed="0" ignored="0" total="4" passed="4">
  <reporter-output>
  </reporter-output>
  <suite name="Suite" duration-ms="37" started-at="2019-10-03T11:53:58 IST" finished-at="2019-10-03T11:53:58 IST">
    <groups>
    </groups>
    <test name="Test" duration-ms="37" started-at="2019-10-03T11:53:58 IST" finished-at="2019-10-03T11:53:58 IST">
      <class name="Test.FuncTest1">
        <test-method status="PASS" signature="difference()[pri:0, instance:Test.FuncTest1@457e2f02]" name="difference" duration-ms="5" started-at="2019-10-03T11:53:58 IST" finished-at="2019-10-03T11:53:58 IST">
          <reporter-output>
          </reporter-output>
        </test-method> <!-- difference -->
        <test-method status="PASS" signature="multiplication()[pri:0, instance:Test.FuncTest1@457e2f02]" name="multiplication" duration-ms="1" started-at="2019-10-03T11:53:58 IST" finished-at="2019-10-03T11:53:58 IST">
          <reporter-output>
          </reporter-output>
        </test-method> <!-- multiplication -->
        <test-method status="PASS" signature="division()[pri:0, instance:Test.FuncTest1@457e2f02]" name="division" duration-ms="0" started-at="2019-10-03T11:53:58 IST" finished-at="2019-10-03T11:53:58 IST">
          <reporter-output>
          </reporter-output>
        </test-method> <!-- division -->
        <test-method status="PASS" signature="sum()[pri:0, instance:Test.FuncTest1@457e2f02]" name="sum" duration-ms="0" started-at="2019-10-03T11:53:58 IST" finished-at="2019-10-03T11:53:58 IST">
          <reporter-output>
          </reporter-output>
        </test-method> <!-- sum -->
      </class> <!-- Test.FuncTest1 -->
    </test> <!-- Test -->
  </suite> <!-- Suite -->
</testng-results>
